c:\users\usuario\documents\github\algoritmos2obl2\entrega2\debug\iteradorhashabierto.obj
c:\users\usuario\documents\github\algoritmos2obl2\entrega2\debug\listaordimp.obj
c:\users\usuario\documents\github\algoritmos2obl2\entrega2\debug\tablahashcerrado.obj
c:\users\usuario\documents\github\algoritmos2obl2\entrega2\debug\comparadortupla.obj
c:\users\usuario\documents\github\algoritmos2obl2\entrega2\debug\tablahashabierto.obj
c:\users\usuario\documents\github\algoritmos2obl2\entrega2\debug\sistema.obj
c:\users\usuario\documents\github\algoritmos2obl2\entrega2\debug\funcionhashanagrama.obj
c:\users\usuario\documents\github\algoritmos2obl2\entrega2\debug\iteradorlistaordimp.obj
c:\users\usuario\documents\github\algoritmos2obl2\entrega2\debug\sistematemplates.obj
c:\users\usuario\documents\github\algoritmos2obl2\entrega2\debug\casodeprueba.obj
c:\users\usuario\documents\github\algoritmos2obl2\entrega2\debug\main.obj
c:\users\usuario\documents\github\algoritmos2obl2\entrega2\debug\vc140.pdb
c:\users\usuario\documents\github\algoritmos2obl2\entrega2\debug\obligatorio.ilk
c:\users\usuario\documents\github\algoritmos2obl2\entrega2\debug\obligatorio.exe
c:\users\usuario\documents\github\algoritmos2obl2\entrega2\debug\obligatorio.pdb
c:\users\usuario\documents\github\algoritmos2obl2\entrega2\debug\vc140.idb
c:\users\usuario\documents\github\algoritmos2obl2\entrega2\debug\obligatorio.tlog\cl.command.1.tlog
c:\users\usuario\documents\github\algoritmos2obl2\entrega2\debug\obligatorio.tlog\cl.read.1.tlog
c:\users\usuario\documents\github\algoritmos2obl2\entrega2\debug\obligatorio.tlog\cl.write.1.tlog
c:\users\usuario\documents\github\algoritmos2obl2\entrega2\debug\obligatorio.tlog\link.command.1.tlog
c:\users\usuario\documents\github\algoritmos2obl2\entrega2\debug\obligatorio.tlog\link.read.1.tlog
c:\users\usuario\documents\github\algoritmos2obl2\entrega2\debug\obligatorio.tlog\link.write.1.tlog
